2017/10/30 17:29:27 INFO  - jmeter.util.JMeterUtils: Setting Locale to en_US 
2017/10/30 17:29:28 INFO  - jmeter.JMeter: Loading system properties from: C:\Users\garlapati\Desktop\jmeter\target\jmeter\bin\system.properties 
2017/10/30 17:29:28 INFO  - jmeter.JMeter: Copyright (c) 1998-2016 The Apache Software Foundation 
2017/10/30 17:29:28 INFO  - jmeter.JMeter: Version 3.1 r1770033 
2017/10/30 17:29:28 INFO  - jmeter.JMeter: java.version=1.8.0_102 
2017/10/30 17:29:28 INFO  - jmeter.JMeter: java.vm.name=Java HotSpot(TM) 64-Bit Server VM 
2017/10/30 17:29:28 INFO  - jmeter.JMeter: os.name=Windows 10 
2017/10/30 17:29:28 INFO  - jmeter.JMeter: os.arch=amd64 
2017/10/30 17:29:28 INFO  - jmeter.JMeter: os.version=10.0 
2017/10/30 17:29:28 INFO  - jmeter.JMeter: file.encoding=Cp1252 
2017/10/30 17:29:28 INFO  - jmeter.JMeter: Max memory     =514850816 
2017/10/30 17:29:28 INFO  - jmeter.JMeter: Available Processors =4 
2017/10/30 17:29:28 INFO  - jmeter.JMeter: Default Locale=English (United States) 
2017/10/30 17:29:28 INFO  - jmeter.JMeter: JMeter  Locale=English (United States) 
2017/10/30 17:29:28 INFO  - jmeter.JMeter: JMeterHome=C:\Users\garlapati\Desktop\jmeter\target\jmeter 
2017/10/30 17:29:28 INFO  - jmeter.JMeter: user.dir  =C:\Users\garlapati\Desktop\jmeter\target\jmeter\bin 
2017/10/30 17:29:28 INFO  - jmeter.JMeter: PWD       =C:\Users\garlapati\Desktop\jmeter\target\jmeter\bin 
2017/10/30 17:29:28 INFO  - jmeter.JMeter: IP: 192.168.0.102 Name: WINDOWS-0B1NEMG FullName: 192.168.0.102 
2017/10/30 17:29:28 INFO  - jmeter.services.FileServer: Default base='C:\Users\garlapati\Desktop\jmeter\target\jmeter\bin' 
2017/10/30 17:29:28 INFO  - jmeter.services.FileServer: Set new base='C:\Users\garlapati\Desktop\jmeter\target\jmeter\testFiles' 
2017/10/30 17:29:28 INFO  - jmeter.save.SaveService: Testplan (JMX) version: 2.2. Testlog (JTL) version: 2.2 
2017/10/30 17:29:28 INFO  - jmeter.save.SaveService: Using SaveService properties file encoding UTF-8 
2017/10/30 17:29:28 INFO  - jmeter.save.SaveService: Using SaveService properties version 3.1 
2017/10/30 17:29:28 INFO  - jmeter.save.SaveService: All converter versions present and correct 
2017/10/30 17:29:28 INFO  - jmeter.save.SaveService: Loading file: C:\Users\garlapati\Desktop\jmeter\target\jmeter\testFiles\Hilton_HTTP_Request.jmx 
2017/10/30 17:29:28 INFO  - jmeter.protocol.http.sampler.HTTPSamplerBase: Parser for text/html is org.apache.jmeter.protocol.http.parser.LagartoBasedHtmlParser 
2017/10/30 17:29:28 INFO  - jmeter.protocol.http.sampler.HTTPSamplerBase: Parser for application/xhtml+xml is org.apache.jmeter.protocol.http.parser.LagartoBasedHtmlParser 
2017/10/30 17:29:28 INFO  - jmeter.protocol.http.sampler.HTTPSamplerBase: Parser for application/xml is org.apache.jmeter.protocol.http.parser.LagartoBasedHtmlParser 
2017/10/30 17:29:28 INFO  - jmeter.protocol.http.sampler.HTTPSamplerBase: Parser for text/xml is org.apache.jmeter.protocol.http.parser.LagartoBasedHtmlParser 
2017/10/30 17:29:28 INFO  - jmeter.protocol.http.sampler.HTTPSamplerBase: Parser for text/vnd.wap.wml is org.apache.jmeter.protocol.http.parser.RegexpHTMLParser 
2017/10/30 17:29:28 INFO  - jmeter.protocol.http.sampler.HTTPSamplerBase: Parser for text/css is org.apache.jmeter.protocol.http.parser.CssParser 
2017/10/30 17:29:28 INFO  - jmeter.JMeter: Creating summariser <summary> 
2017/10/30 17:29:28 INFO  - jmeter.engine.StandardJMeterEngine: Running the test! 
2017/10/30 17:29:28 INFO  - jmeter.samplers.SampleEvent: List of sample_variables: [] 
2017/10/30 17:29:28 INFO  - jmeter.samplers.SampleEvent: List of sample_variables: [] 
2017/10/30 17:29:28 INFO  - jmeter.engine.util.CompoundVariable: Note: Function class names must contain the string: '.functions.' 
2017/10/30 17:29:28 INFO  - jmeter.engine.util.CompoundVariable: Note: Function class names must not contain the string: '.gui.' 
2017/10/30 17:29:29 INFO  - jmeter.JMeter: Running test (1509364769037) 
2017/10/30 17:29:29 INFO  - jmeter.engine.StandardJMeterEngine: Starting ThreadGroup: 1 : Thread Group 
2017/10/30 17:29:29 INFO  - jmeter.engine.StandardJMeterEngine: Starting 30 threads for group Thread Group. 
2017/10/30 17:29:29 INFO  - jmeter.engine.StandardJMeterEngine: Thread will continue on error 
2017/10/30 17:29:29 INFO  - jmeter.threads.ThreadGroup: Starting thread group number 1 threads 30 ramp-up 1 perThread 33.333332 delayedStart=false 
2017/10/30 17:29:29 INFO  - jmeter.threads.JMeterThread: Thread started: Thread Group 1-1 
2017/10/30 17:29:29 INFO  - jmeter.threads.ThreadGroup: Started thread group number 1 
2017/10/30 17:29:29 INFO  - jmeter.engine.StandardJMeterEngine: All thread groups have been started 
2017/10/30 17:29:29 INFO  - jmeter.protocol.http.sampler.HTTPHCAbstractImpl: Local host = WINDOWS-0B1NEMG 
2017/10/30 17:29:29 INFO  - jmeter.protocol.http.sampler.HTTPHC4Impl: HTTP request retry count = 0 
2017/10/30 17:29:29 INFO  - jmeter.samplers.SampleResult: Note: Sample TimeStamps are START times 
2017/10/30 17:29:29 INFO  - jmeter.samplers.SampleResult: sampleresult.default.encoding is set to ISO-8859-1 
2017/10/30 17:29:29 INFO  - jmeter.samplers.SampleResult: sampleresult.useNanoTime=true 
2017/10/30 17:29:29 INFO  - jmeter.samplers.SampleResult: sampleresult.nanoThreadSleep=5000 
2017/10/30 17:29:29 INFO  - jmeter.threads.JMeterThread: Thread started: Thread Group 1-2 
2017/10/30 17:29:29 INFO  - jmeter.threads.JMeterThread: Thread started: Thread Group 1-3 
2017/10/30 17:29:29 INFO  - jmeter.threads.JMeterThread: Thread started: Thread Group 1-4 
2017/10/30 17:29:29 INFO  - jmeter.threads.JMeterThread: Thread started: Thread Group 1-5 
2017/10/30 17:29:29 INFO  - jmeter.threads.JMeterThread: Thread started: Thread Group 1-6 
2017/10/30 17:29:29 INFO  - jmeter.threads.JMeterThread: Thread started: Thread Group 1-7 
2017/10/30 17:29:29 INFO  - jmeter.threads.JMeterThread: Thread started: Thread Group 1-8 
2017/10/30 17:29:29 INFO  - jmeter.threads.JMeterThread: Thread started: Thread Group 1-9 
2017/10/30 17:29:29 INFO  - jmeter.threads.JMeterThread: Thread started: Thread Group 1-10 
2017/10/30 17:29:29 INFO  - jmeter.threads.JMeterThread: Thread started: Thread Group 1-11 
2017/10/30 17:29:29 INFO  - jmeter.threads.JMeterThread: Thread started: Thread Group 1-12 
2017/10/30 17:29:29 INFO  - jmeter.threads.JMeterThread: Thread started: Thread Group 1-13 
2017/10/30 17:29:29 INFO  - jmeter.threads.JMeterThread: Thread started: Thread Group 1-14 
2017/10/30 17:29:29 INFO  - jmeter.threads.JMeterThread: Thread started: Thread Group 1-15 
2017/10/30 17:29:29 INFO  - jmeter.threads.JMeterThread: Thread started: Thread Group 1-16 
2017/10/30 17:29:29 INFO  - jmeter.threads.JMeterThread: Thread started: Thread Group 1-17 
2017/10/30 17:29:29 INFO  - jmeter.threads.JMeterThread: Thread started: Thread Group 1-18 
2017/10/30 17:29:29 INFO  - jmeter.threads.JMeterThread: Thread started: Thread Group 1-19 
2017/10/30 17:29:29 INFO  - jmeter.threads.JMeterThread: Thread started: Thread Group 1-20 
2017/10/30 17:29:29 INFO  - jmeter.threads.JMeterThread: Thread started: Thread Group 1-21 
2017/10/30 17:29:29 INFO  - jmeter.threads.JMeterThread: Thread started: Thread Group 1-22 
2017/10/30 17:29:29 INFO  - jmeter.threads.JMeterThread: Thread started: Thread Group 1-23 
2017/10/30 17:29:29 INFO  - jmeter.threads.JMeterThread: Thread started: Thread Group 1-24 
2017/10/30 17:29:29 INFO  - jmeter.threads.JMeterThread: Thread started: Thread Group 1-25 
2017/10/30 17:29:29 INFO  - jmeter.threads.JMeterThread: Thread started: Thread Group 1-26 
2017/10/30 17:29:30 INFO  - jmeter.reporters.Summariser: summary +    210 in 00:00:01 =  217.2/s Avg:    26 Min:     6 Max:   375 Err:     0 (0.00%) Active: 26 Started: 26 Finished: 0 
2017/10/30 17:29:30 INFO  - jmeter.threads.JMeterThread: Thread started: Thread Group 1-27 
2017/10/30 17:29:30 INFO  - jmeter.threads.JMeterThread: Thread started: Thread Group 1-28 
2017/10/30 17:29:30 INFO  - jmeter.threads.JMeterThread: Thread started: Thread Group 1-29 
2017/10/30 17:29:30 INFO  - jmeter.threads.JMeterThread: Thread started: Thread Group 1-30 
2017/10/30 17:29:32 INFO  - jmeter.threads.JMeterThread: Stopping because end time detected by thread: Thread Group 1-10 
2017/10/30 17:29:32 INFO  - jmeter.threads.JMeterThread: Thread finished: Thread Group 1-10 
2017/10/30 17:29:32 INFO  - jmeter.threads.JMeterThread: Stopping because end time detected by thread: Thread Group 1-12 
2017/10/30 17:29:32 INFO  - jmeter.threads.JMeterThread: Thread finished: Thread Group 1-12 
2017/10/30 17:29:32 INFO  - jmeter.threads.JMeterThread: Stopping because end time detected by thread: Thread Group 1-11 
2017/10/30 17:29:32 INFO  - jmeter.threads.JMeterThread: Thread finished: Thread Group 1-11 
2017/10/30 17:29:32 INFO  - jmeter.threads.JMeterThread: Stopping because end time detected by thread: Thread Group 1-22 
2017/10/30 17:29:32 INFO  - jmeter.threads.JMeterThread: Thread finished: Thread Group 1-22 
2017/10/30 17:29:32 INFO  - jmeter.threads.JMeterThread: Stopping because end time detected by thread: Thread Group 1-15 
2017/10/30 17:29:32 INFO  - jmeter.threads.JMeterThread: Thread finished: Thread Group 1-15 
2017/10/30 17:29:32 INFO  - jmeter.threads.JMeterThread: Stopping because end time detected by thread: Thread Group 1-9 
2017/10/30 17:29:32 INFO  - jmeter.threads.JMeterThread: Thread finished: Thread Group 1-9 
2017/10/30 17:29:32 INFO  - jmeter.threads.JMeterThread: Stopping because end time detected by thread: Thread Group 1-4 
2017/10/30 17:29:32 INFO  - jmeter.threads.JMeterThread: Stopping because end time detected by thread: Thread Group 1-25 
2017/10/30 17:29:32 INFO  - jmeter.threads.JMeterThread: Thread finished: Thread Group 1-25 
2017/10/30 17:29:32 INFO  - jmeter.threads.JMeterThread: Thread finished: Thread Group 1-4 
2017/10/30 17:29:32 INFO  - jmeter.threads.JMeterThread: Stopping because end time detected by thread: Thread Group 1-26 
2017/10/30 17:29:32 INFO  - jmeter.threads.JMeterThread: Thread finished: Thread Group 1-26 
2017/10/30 17:29:32 INFO  - jmeter.threads.JMeterThread: Stopping because end time detected by thread: Thread Group 1-27 
2017/10/30 17:29:32 INFO  - jmeter.threads.JMeterThread: Thread finished: Thread Group 1-27 
2017/10/30 17:29:32 INFO  - jmeter.threads.JMeterThread: Stopping because end time detected by thread: Thread Group 1-5 
2017/10/30 17:29:32 INFO  - jmeter.threads.JMeterThread: Thread finished: Thread Group 1-5 
2017/10/30 17:29:32 INFO  - jmeter.threads.JMeterThread: Stopping because end time detected by thread: Thread Group 1-24 
2017/10/30 17:29:32 INFO  - jmeter.threads.JMeterThread: Thread finished: Thread Group 1-24 
2017/10/30 17:29:32 INFO  - jmeter.threads.JMeterThread: Stopping because end time detected by thread: Thread Group 1-21 
2017/10/30 17:29:32 INFO  - jmeter.threads.JMeterThread: Thread finished: Thread Group 1-21 
2017/10/30 17:29:32 INFO  - jmeter.threads.JMeterThread: Stopping because end time detected by thread: Thread Group 1-1 
2017/10/30 17:29:32 INFO  - jmeter.threads.JMeterThread: Thread finished: Thread Group 1-1 
2017/10/30 17:29:32 INFO  - jmeter.threads.JMeterThread: Stopping because end time detected by thread: Thread Group 1-29 
2017/10/30 17:29:32 INFO  - jmeter.threads.JMeterThread: Stopping because end time detected by thread: Thread Group 1-30 
2017/10/30 17:29:32 INFO  - jmeter.threads.JMeterThread: Thread finished: Thread Group 1-29 
2017/10/30 17:29:32 INFO  - jmeter.threads.JMeterThread: Thread finished: Thread Group 1-30 
2017/10/30 17:29:32 INFO  - jmeter.threads.JMeterThread: Stopping because end time detected by thread: Thread Group 1-23 
2017/10/30 17:29:32 INFO  - jmeter.threads.JMeterThread: Thread finished: Thread Group 1-23 
2017/10/30 17:29:32 INFO  - jmeter.threads.JMeterThread: Stopping because end time detected by thread: Thread Group 1-6 
2017/10/30 17:29:32 INFO  - jmeter.threads.JMeterThread: Thread finished: Thread Group 1-6 
2017/10/30 17:29:32 INFO  - jmeter.threads.JMeterThread: Stopping because end time detected by thread: Thread Group 1-17 
2017/10/30 17:29:32 INFO  - jmeter.threads.JMeterThread: Thread finished: Thread Group 1-17 
2017/10/30 17:29:32 INFO  - jmeter.threads.JMeterThread: Stopping because end time detected by thread: Thread Group 1-20 
2017/10/30 17:29:32 INFO  - jmeter.threads.JMeterThread: Thread finished: Thread Group 1-20 
2017/10/30 17:29:32 INFO  - jmeter.threads.JMeterThread: Stopping because end time detected by thread: Thread Group 1-19 
2017/10/30 17:29:32 INFO  - jmeter.threads.JMeterThread: Thread finished: Thread Group 1-19 
2017/10/30 17:29:32 INFO  - jmeter.threads.JMeterThread: Stopping because end time detected by thread: Thread Group 1-14 
2017/10/30 17:29:32 INFO  - jmeter.threads.JMeterThread: Thread finished: Thread Group 1-14 
2017/10/30 17:29:32 INFO  - jmeter.threads.JMeterThread: Stopping because end time detected by thread: Thread Group 1-16 
2017/10/30 17:29:32 INFO  - jmeter.threads.JMeterThread: Thread finished: Thread Group 1-16 
2017/10/30 17:29:32 INFO  - jmeter.threads.JMeterThread: Stopping because end time detected by thread: Thread Group 1-2 
2017/10/30 17:29:32 INFO  - jmeter.threads.JMeterThread: Thread finished: Thread Group 1-2 
2017/10/30 17:29:32 INFO  - jmeter.threads.JMeterThread: Stopping because end time detected by thread: Thread Group 1-13 
2017/10/30 17:29:32 INFO  - jmeter.threads.JMeterThread: Thread finished: Thread Group 1-13 
2017/10/30 17:29:32 INFO  - jmeter.threads.JMeterThread: Stopping because end time detected by thread: Thread Group 1-28 
2017/10/30 17:29:32 INFO  - jmeter.threads.JMeterThread: Thread finished: Thread Group 1-28 
2017/10/30 17:29:32 INFO  - jmeter.threads.JMeterThread: Stopping because end time detected by thread: Thread Group 1-18 
2017/10/30 17:29:32 INFO  - jmeter.threads.JMeterThread: Thread finished: Thread Group 1-18 
2017/10/30 17:29:32 INFO  - jmeter.threads.JMeterThread: Stopping because end time detected by thread: Thread Group 1-3 
2017/10/30 17:29:32 INFO  - jmeter.threads.JMeterThread: Thread finished: Thread Group 1-3 
2017/10/30 17:29:32 INFO  - jmeter.threads.JMeterThread: Stopping because end time detected by thread: Thread Group 1-7 
2017/10/30 17:29:32 INFO  - jmeter.threads.JMeterThread: Thread finished: Thread Group 1-7 
2017/10/30 17:29:32 INFO  - jmeter.threads.JMeterThread: Stopping because end time detected by thread: Thread Group 1-8 
2017/10/30 17:29:32 INFO  - jmeter.threads.JMeterThread: Thread finished: Thread Group 1-8 
2017/10/30 17:29:32 INFO  - jmeter.engine.StandardJMeterEngine: Notifying test listeners of end of test 
2017/10/30 17:29:32 INFO  - jmeter.reporters.Summariser: summary +    756 in 00:00:02 =  353.9/s Avg:    85 Min:     6 Max:  1568 Err:     0 (0.00%) Active: 0 Started: 30 Finished: 30 
2017/10/30 17:29:32 INFO  - jmeter.reporters.Summariser: summary =    966 in 00:00:03 =  311.2/s Avg:    72 Min:     6 Max:  1568 Err:     0 (0.00%) 
